{"name": "Обязательные поля должны быть в теле запроса", "status": "failed", "statusDetails": {"message": "AssertionError: assert 409 == 400\n +  where 409 = <Response [409]>.status_code", "trace": "self = <tests.test_create_courier.TestCreateCourier object at 0x000001DC8B120830>, courier_api = <api.courier_api.CourierApi object at 0x000001DC8B0B9F30>\ninvalid_data = {'login': 'nofirstname_user', 'password': '12345'}, expected_message = 'Недостаточно данных для создания учетной записи'\n\n    @allure.title(\"Обязательные поля должны быть в теле запроса\")\n    @allure.description(\"Проверить, что если не передать одно из обязательных полей, сервис возвращает 400 и сообщение\"\n                        \" 'Недостаточно данных'\")\n    @pytest.mark.parametrize(\"invalid_data, expected_message\", [\n        (CreateCourierData.WITHOUT_LOGIN, \"Недостаточно данных для создания учетной записи\"),\n        (CreateCourierData.WITHOUT_PASSWORD, \"Недостаточно данных для создания учетной записи\"),\n        (CreateCourierData.WITHOUT_FIRST_NAME, \"Недостаточно данных для создания учетной записи\")])\n    def test_create_courier_missing_required_fields(self, courier_api, invalid_data, expected_message):\n        with allure.step(f\"Создать курьера с неполными данными: {invalid_data}\"):\n            response = courier_api.create_courier(invalid_data)\n        with allure.step(\"Проверить, что код ответа 400\"):\n>           assert response.status_code == 400\nE           assert 409 == 400\nE            +  where 409 = <Response [409]>.status_code\n\ntests\\test_create_courier.py:56: AssertionError"}, "description": "Проверить, что если не передать одно из обязательных полей, сервис возвращает 400 и сообщение 'Недостаточно данных'", "steps": [{"name": "Создать курьера с неполными данными: {'login': 'nofirstname_user', 'password': '12345'}", "status": "passed", "start": 1757417931752, "stop": 1757417932337}, {"name": "Проверить, что код ответа 400", "status": "failed", "statusDetails": {"message": "AssertionError: assert 409 == 400\n +  where 409 = <Response [409]>.status_code\n", "trace": "  File \"C:\\Users\\rokst\\PycharmProjects\\Sprint_7\\tests\\test_create_courier.py\", line 56, in test_create_courier_missing_required_fields\n    assert response.status_code == 400\n"}, "start": 1757417932337, "stop": 1757417932337}], "parameters": [{"name": "invalid_data", "value": "{'login': 'nofirstname_user', 'password': '12345'}"}, {"name": "expected_message", "value": "'Недостаточно данных для создания учетной записи'"}], "start": 1757417931752, "stop": 1757417932337, "uuid": "61d4ccc3-23e4-4ff0-b953-7e7bae20e564", "historyId": "faecb918909e2fdb4f84b59f0a0a11fd", "testCaseId": "09f11edab53809fbc618d60c2cbf56f0", "fullName": "tests.test_create_courier.TestCreateCourier#test_create_courier_missing_required_fields", "labels": [{"name": "parentSuite", "value": "tests"}, {"name": "suite", "value": "test_create_courier"}, {"name": "subSuite", "value": "TestCreateCourier"}, {"name": "host", "value": "Ksu"}, {"name": "thread", "value": "16324-MainThread"}, {"name": "framework", "value": "pytest"}, {"name": "language", "value": "cpython3"}, {"name": "package", "value": "tests.test_create_courier"}], "titlePath": ["tests", "test_create_courier.py", "TestCreateCourier"]}