{"name": "Успешное создание курьера", "status": "failed", "statusDetails": {"message": "AssertionError: assert 409 == 201\n +  where 409 = <Response [409]>.status_code", "trace": "self = <tests.test_create_courier.TestCreateCourier object at 0x000001F8A6697D90>, courier_api = <api.courier_api.CourierApi object at 0x000001F8A67F7B60>\ncleanup_courier = []\n\n    @allure.title(\"Успешное создание курьера\")\n    @allure.description(\"Проверить, что курьер успешно создаётся при передаче валидных данных и код ответа 201, а в \"\n                        \"ответе 'ok' равно True\")\n    def test_create_courier_success(self, courier_api, cleanup_courier):\n        with allure.step(\"Сгенерировать уникального курьера и зарегистрировать его\"):\n            courier_data = CreateCourierData.VALID_COURIER\n            with allure.step(\"Создать курьера через API\"):\n                response = courier_api.create_courier(courier_data)\n    \n            with allure.step(\"Проверить, что код ответа 201\"):\n>               assert response.status_code == 201\nE               assert 409 == 201\nE                +  where 409 = <Response [409]>.status_code\n\ntests\\test_create_courier.py:19: AssertionError"}, "description": "Проверить, что курьер успешно создаётся при передаче валидных данных и код ответа 201, а в ответе 'ok' равно True", "steps": [{"name": "Сгенерировать уникального курьера и зарегистрировать его", "status": "failed", "statusDetails": {"message": "AssertionError: assert 409 == 201\n +  where 409 = <Response [409]>.status_code\n", "trace": "  File \"C:\\Users\\rokst\\PycharmProjects\\Sprint_7\\tests\\test_create_courier.py\", line 19, in test_create_courier_success\n    assert response.status_code == 201\n"}, "steps": [{"name": "Создать курьера через API", "status": "passed", "start": 1757416721177, "stop": 1757416721847}, {"name": "Проверить, что код ответа 201", "status": "failed", "statusDetails": {"message": "AssertionError: assert 409 == 201\n +  where 409 = <Response [409]>.status_code\n", "trace": "  File \"C:\\Users\\rokst\\PycharmProjects\\Sprint_7\\tests\\test_create_courier.py\", line 19, in test_create_courier_success\n    assert response.status_code == 201\n"}, "start": 1757416721847, "stop": 1757416721847}], "start": 1757416721177, "stop": 1757416721848}], "start": 1757416721176, "stop": 1757416721848, "uuid": "3ec9da51-477f-4bd5-8893-ff0a42ebf755", "historyId": "55156a10c2af4f5bd616a034b6fbabbf", "testCaseId": "55156a10c2af4f5bd616a034b6fbabbf", "fullName": "tests.test_create_courier.TestCreateCourier#test_create_courier_success", "labels": [{"name": "parentSuite", "value": "tests"}, {"name": "suite", "value": "test_create_courier"}, {"name": "subSuite", "value": "TestCreateCourier"}, {"name": "host", "value": "Ksu"}, {"name": "thread", "value": "14076-MainThread"}, {"name": "framework", "value": "pytest"}, {"name": "language", "value": "cpython3"}, {"name": "package", "value": "tests.test_create_courier"}], "titlePath": ["tests", "test_create_courier.py", "TestCreateCourier"]}